File p:\yum_zedundead\config.cpp, line 15: /CfgMovesZombie.AmovPercMwlkSnonWnonDf: Undefined base class 'AmovPercMstpSnonWnonDnon'
Config : some input after EndOfFile.
Error reading binary file 'p:\yum_zedundead\config.cpp'
W:\C\El\ParamFile\paramFile.cpp(753) : Class destroyed, but still locked
Convert animation p:\yum_zedundead\zmb\zombie3_walk.rtm -> C:\Users\Matt\AppData\Local\Temp\ARMAaddons\yum_zedundead\zmb\zombie3_walk.rtm
Cannot register unknown string STR_STATE_HEALSOLDIER
Cannot register unknown string STR_STATE_FIRST_AID
Cannot register unknown string STR_UI_RADARRANGE
Cannot register unknown string STR_ACTION_LAUNCHCM
Cannot register unknown string STR_ACTION_NEXTCM
Cannot register unknown string STR_USRACT_ACTION_CONTEXT
Cannot register unknown string STR_USRACT_OPTICS_MODE
Cannot register unknown string STR_USRACT_ZEROING_UP
Cannot register unknown string STR_USRACT_ZEROING_DOWN
Cannot register unknown string STR_USRACT_NETWORK_DS_INTERFACE
Cannot register unknown string STR_USRACT_BULD_TERRAIN_RAISE_10CM
Cannot register unknown string STR_USRACT_BULD_TERRAIN_LOWER_10CM
Cannot register unknown string STR_USRACT_BULD_TERRAIN_RAISE_50CM
Cannot register unknown string STR_USRACT_BULD_TERRAIN_LOWER_50CM
Cannot register unknown string STR_INPUT_DEVICE_FREETRACK_0
Cannot register unknown string STR_INPUT_DEVICE_FREETRACK_1
Cannot register unknown string STR_INPUT_DEVICE_FREETRACK_2
Cannot register unknown string STR_INPUT_DEVICE_FREETRACK_3
Cannot register unknown string STR_INPUT_DEVICE_FREETRACK_4
Cannot register unknown string STR_INPUT_DEVICE_FREETRACK_5
Cannot register unknown string STR_INPUT_DEVICE_FREETRACK_6
Cannot register unknown string STR_INPUT_DEVICE_FREETRACK_7
Cannot register unknown string STR_INPUT_DEVICE_FREETRACK_8
Cannot register unknown string STR_INPUT_DEVICE_FREETRACK_9
Cannot register unknown string STR_INPUT_DEVICE_FREETRACK_10
Cannot register unknown string STR_INPUT_DEVICE_FREETRACK_11
Cannot register unknown string STR_DISP_LEFT
Cannot register unknown string STR_DIFF_CAMERA_SHAKE
Cannot register unknown string STR_FREETRACK
Cannot register unknown string STR_ADDON_ACTIONS_INSTALL_CORE
Cannot register unknown string STR_ADDON_ACTIONS_INSTALL_MOD
Cannot register unknown string STR_ADDON_ACTIONS_PLAY_MISSION
Cannot register unknown string STR_ADDON_ACTIONS_TRY_ENTITY
Cannot register unknown string STR_ADDON_ACTIONS_TRY_WEAPON
Cannot register unknown string STR_MSG_ADDON_NOT_FOUND
Cannot register unknown string STR_MSG_ADDON_CANNOT_OPEN
Cannot register unknown string STR_MSG_ADDON_UNKNOWN_PRODUCT
Cannot register unknown string STR_INCOMPATIBLE_LOAD_GAME_ATTEMPT
Warning: CfgVehicles missing in PreloadConfig - may slow down vehicle creation
Warning: CfgAmmo missing in PreloadConfig - may slow down vehicle creation
Warning: CfgNonAIVehicles missing in PreloadConfig - may slow down vehicle creation
File p:\yum_zedundead\config.cpp, line 15: /CfgMovesZombie.AmovPercMwlkSnonWnonDf: Undefined base class 'AmovPercMstpSnonWnonDnon'
Config : some input after EndOfFile.
Error 3 while parsing
Error in config p:\yum_zedundead\config.cpp
w:\C_branch\Poseidon\Arrowhead\El\ParamFile\paramFile.cpp(753) : Class destroyed, but still locked
File p:\yum_zedundead\config.cpp, line 15: /CfgMovesZombie.AmovPercMwlkSnonWnonDf: Undefined base class 'AmovPercMstpSnonWnonDnon'
Config : some input after EndOfFile.
Error 3 while parsing
Error in config p:\yum_zedundead\config.cpp
w:\C_branch\Poseidon\Arrowhead\El\ParamFile\paramFile.cpp(753) : Class destroyed, but still locked
<anim = "p:\yum_zedundead\zmb\zombie3_walk.rtm">
Obsolete CfgSkeletons for OFP2_ManSkeleton, move to model.cfg
No entry 'C:\Program Files (x86)\Bohemia Interactive\Tools\BinMake\Binarize\bin\config.cpp.CfgSkeletons'.
No entry '.OFP2_ManSkeleton'.
No entry '.skeletonInherit'.
'/' is not a value
No entry '.skeletonBones'.
Size: '/' not an array
Size: '/' not an array
Size: '/' not an array
No entry '.isDiscrete'.
'/' is not a value
</anim>
Creating texture headers file...
Texture headers file was not created - no textures found.
